[debug] [2025-12-27T11:32:07.919Z] > command requires scopes: ["email","openid","https://www.googleapis.com/auth/cloudplatformprojects.readonly","https://www.googleapis.com/auth/firebase","https://www.googleapis.com/auth/cloud-platform"]
[debug] [2025-12-27T11:32:07.920Z] > authorizing via signed-in user (omar.k.hanafy@gmail.com)
[debug] [2025-12-27T11:32:07.932Z] > command requires scopes: ["email","openid","https://www.googleapis.com/auth/cloudplatformprojects.readonly","https://www.googleapis.com/auth/firebase","https://www.googleapis.com/auth/cloud-platform"]
[debug] [2025-12-27T11:32:07.933Z] > authorizing via signed-in user (omar.k.hanafy@gmail.com)
[debug] [2025-12-27T11:32:07.940Z] Checked if tokens are valid: true, expires at: 1766836493466
[debug] [2025-12-27T11:32:07.940Z] Checked if tokens are valid: true, expires at: 1766836493466
[debug] [2025-12-27T11:32:07.941Z] >>> [apiv2][query] GET https://serviceusage.googleapis.com/v1/projects//services/firebaseappdistribution.googleapis.com [none]
[debug] [2025-12-27T11:32:07.941Z] >>> [apiv2][(partial)header] GET https://serviceusage.googleapis.com/v1/projects//services/firebaseappdistribution.googleapis.com x-goog-quota-user=projects/
[debug] [2025-12-27T11:32:07.953Z] Checked if tokens are valid: true, expires at: 1766836493466
[debug] [2025-12-27T11:32:07.953Z] Checked if tokens are valid: true, expires at: 1766836493466
[debug] [2025-12-27T11:32:07.953Z] >>> [apiv2][query] GET https://serviceusage.googleapis.com/v1/projects//services/firebaseappdistribution.googleapis.com [none]
[debug] [2025-12-27T11:32:07.953Z] >>> [apiv2][(partial)header] GET https://serviceusage.googleapis.com/v1/projects//services/firebaseappdistribution.googleapis.com x-goog-quota-user=projects/
[debug] [2025-12-27T11:32:08.812Z] <<< [apiv2][status] GET https://serviceusage.googleapis.com/v1/projects//services/firebaseappdistribution.googleapis.com 400
[debug] [2025-12-27T11:32:08.812Z] <<< [apiv2][body] GET https://serviceusage.googleapis.com/v1/projects//services/firebaseappdistribution.googleapis.com [omitted]
[debug] [2025-12-27T11:32:08.814Z] > command requires scopes: ["email","openid","https://www.googleapis.com/auth/cloudplatformprojects.readonly","https://www.googleapis.com/auth/firebase","https://www.googleapis.com/auth/cloud-platform"]
[debug] [2025-12-27T11:32:08.814Z] > authorizing via signed-in user (omar.k.hanafy@gmail.com)
[debug] [2025-12-27T11:32:08.815Z] > command requires scopes: ["email","openid","https://www.googleapis.com/auth/cloudplatformprojects.readonly","https://www.googleapis.com/auth/firebase","https://www.googleapis.com/auth/cloud-platform"]
[debug] [2025-12-27T11:32:08.815Z] > authorizing via signed-in user (omar.k.hanafy@gmail.com)
[debug] [2025-12-27T11:32:08.816Z] <<< [apiv2][status] GET https://serviceusage.googleapis.com/v1/projects//services/firebaseappdistribution.googleapis.com 400
[debug] [2025-12-27T11:32:08.817Z] <<< [apiv2][body] GET https://serviceusage.googleapis.com/v1/projects//services/firebaseappdistribution.googleapis.com [omitted]
[debug] [2025-12-27T11:32:08.818Z] > command requires scopes: ["email","openid","https://www.googleapis.com/auth/cloudplatformprojects.readonly","https://www.googleapis.com/auth/firebase","https://www.googleapis.com/auth/cloud-platform"]
[debug] [2025-12-27T11:32:08.818Z] > authorizing via signed-in user (omar.k.hanafy@gmail.com)
[debug] [2025-12-27T11:32:08.819Z] > command requires scopes: ["email","openid","https://www.googleapis.com/auth/cloudplatformprojects.readonly","https://www.googleapis.com/auth/firebase","https://www.googleapis.com/auth/cloud-platform"]
[debug] [2025-12-27T11:32:08.819Z] > authorizing via signed-in user (omar.k.hanafy@gmail.com)
[debug] [2025-12-27T12:18:10.022Z] > command requires scopes: ["email","openid","https://www.googleapis.com/auth/cloudplatformprojects.readonly","https://www.googleapis.com/auth/firebase","https://www.googleapis.com/auth/cloud-platform"]
[debug] [2025-12-27T12:18:10.023Z] > authorizing via signed-in user (omar.k.hanafy@gmail.com)
[debug] [2025-12-27T12:18:10.036Z] > command requires scopes: ["email","openid","https://www.googleapis.com/auth/cloudplatformprojects.readonly","https://www.googleapis.com/auth/firebase","https://www.googleapis.com/auth/cloud-platform"]
[debug] [2025-12-27T12:18:10.036Z] > authorizing via signed-in user (omar.k.hanafy@gmail.com)
[debug] [2025-12-27T12:18:10.044Z] Checked if tokens are valid: true, expires at: 1766840124591
[debug] [2025-12-27T12:18:10.044Z] Checked if tokens are valid: true, expires at: 1766840124591
[debug] [2025-12-27T12:18:10.044Z] >>> [apiv2][query] GET https://serviceusage.googleapis.com/v1/projects//services/firebaseappdistribution.googleapis.com [none]
[debug] [2025-12-27T12:18:10.044Z] >>> [apiv2][(partial)header] GET https://serviceusage.googleapis.com/v1/projects//services/firebaseappdistribution.googleapis.com x-goog-quota-user=projects/
[debug] [2025-12-27T12:18:10.058Z] Checked if tokens are valid: true, expires at: 1766840124591
[debug] [2025-12-27T12:18:10.058Z] Checked if tokens are valid: true, expires at: 1766840124591
[debug] [2025-12-27T12:18:10.058Z] >>> [apiv2][query] GET https://serviceusage.googleapis.com/v1/projects//services/firebaseappdistribution.googleapis.com [none]
[debug] [2025-12-27T12:18:10.058Z] >>> [apiv2][(partial)header] GET https://serviceusage.googleapis.com/v1/projects//services/firebaseappdistribution.googleapis.com x-goog-quota-user=projects/
[debug] [2025-12-27T12:18:10.968Z] <<< [apiv2][status] GET https://serviceusage.googleapis.com/v1/projects//services/firebaseappdistribution.googleapis.com 400
[debug] [2025-12-27T12:18:10.968Z] <<< [apiv2][body] GET https://serviceusage.googleapis.com/v1/projects//services/firebaseappdistribution.googleapis.com [omitted]
[debug] [2025-12-27T12:18:10.969Z] <<< [apiv2][status] GET https://serviceusage.googleapis.com/v1/projects//services/firebaseappdistribution.googleapis.com 400
[debug] [2025-12-27T12:18:10.969Z] <<< [apiv2][body] GET https://serviceusage.googleapis.com/v1/projects//services/firebaseappdistribution.googleapis.com [omitted]
[debug] [2025-12-27T12:18:10.971Z] > command requires scopes: ["email","openid","https://www.googleapis.com/auth/cloudplatformprojects.readonly","https://www.googleapis.com/auth/firebase","https://www.googleapis.com/auth/cloud-platform"]
[debug] [2025-12-27T12:18:10.971Z] > authorizing via signed-in user (omar.k.hanafy@gmail.com)
[debug] [2025-12-27T12:18:10.971Z] > command requires scopes: ["email","openid","https://www.googleapis.com/auth/cloudplatformprojects.readonly","https://www.googleapis.com/auth/firebase","https://www.googleapis.com/auth/cloud-platform"]
[debug] [2025-12-27T12:18:10.971Z] > authorizing via signed-in user (omar.k.hanafy@gmail.com)
[debug] [2025-12-27T12:18:10.974Z] > command requires scopes: ["email","openid","https://www.googleapis.com/auth/cloudplatformprojects.readonly","https://www.googleapis.com/auth/firebase","https://www.googleapis.com/auth/cloud-platform"]
[debug] [2025-12-27T12:18:10.974Z] > authorizing via signed-in user (omar.k.hanafy@gmail.com)
[debug] [2025-12-27T12:18:10.974Z] > command requires scopes: ["email","openid","https://www.googleapis.com/auth/cloudplatformprojects.readonly","https://www.googleapis.com/auth/firebase","https://www.googleapis.com/auth/cloud-platform"]
[debug] [2025-12-27T12:18:10.974Z] > authorizing via signed-in user (omar.k.hanafy@gmail.com)
[debug] [2025-12-27T12:39:10.024Z] > command requires scopes: ["email","openid","https://www.googleapis.com/auth/cloudplatformprojects.readonly","https://www.googleapis.com/auth/firebase","https://www.googleapis.com/auth/cloud-platform"]
[debug] [2025-12-27T12:39:10.025Z] > authorizing via signed-in user (omar.k.hanafy@gmail.com)
[debug] [2025-12-27T12:39:10.040Z] > command requires scopes: ["email","openid","https://www.googleapis.com/auth/cloudplatformprojects.readonly","https://www.googleapis.com/auth/firebase","https://www.googleapis.com/auth/cloud-platform"]
[debug] [2025-12-27T12:39:10.040Z] > authorizing via signed-in user (omar.k.hanafy@gmail.com)
[debug] [2025-12-27T12:39:10.047Z] Checked if tokens are valid: true, expires at: 1766840124591
[debug] [2025-12-27T12:39:10.047Z] Checked if tokens are valid: true, expires at: 1766840124591
[debug] [2025-12-27T12:39:10.048Z] >>> [apiv2][query] GET https://serviceusage.googleapis.com/v1/projects//services/firebaseappdistribution.googleapis.com [none]
[debug] [2025-12-27T12:39:10.048Z] >>> [apiv2][(partial)header] GET https://serviceusage.googleapis.com/v1/projects//services/firebaseappdistribution.googleapis.com x-goog-quota-user=projects/
[debug] [2025-12-27T12:39:10.060Z] Checked if tokens are valid: true, expires at: 1766840124591
[debug] [2025-12-27T12:39:10.060Z] Checked if tokens are valid: true, expires at: 1766840124591
[debug] [2025-12-27T12:39:10.060Z] >>> [apiv2][query] GET https://serviceusage.googleapis.com/v1/projects//services/firebaseappdistribution.googleapis.com [none]
[debug] [2025-12-27T12:39:10.060Z] >>> [apiv2][(partial)header] GET https://serviceusage.googleapis.com/v1/projects//services/firebaseappdistribution.googleapis.com x-goog-quota-user=projects/
[debug] [2025-12-27T12:39:10.984Z] <<< [apiv2][status] GET https://serviceusage.googleapis.com/v1/projects//services/firebaseappdistribution.googleapis.com 400
[debug] [2025-12-27T12:39:10.984Z] <<< [apiv2][body] GET https://serviceusage.googleapis.com/v1/projects//services/firebaseappdistribution.googleapis.com [omitted]
[debug] [2025-12-27T12:39:10.986Z] <<< [apiv2][status] GET https://serviceusage.googleapis.com/v1/projects//services/firebaseappdistribution.googleapis.com 400
[debug] [2025-12-27T12:39:10.986Z] <<< [apiv2][body] GET https://serviceusage.googleapis.com/v1/projects//services/firebaseappdistribution.googleapis.com [omitted]
[debug] [2025-12-27T12:39:10.987Z] > command requires scopes: ["email","openid","https://www.googleapis.com/auth/cloudplatformprojects.readonly","https://www.googleapis.com/auth/firebase","https://www.googleapis.com/auth/cloud-platform"]
[debug] [2025-12-27T12:39:10.988Z] > authorizing via signed-in user (omar.k.hanafy@gmail.com)
[debug] [2025-12-27T12:39:10.988Z] > command requires scopes: ["email","openid","https://www.googleapis.com/auth/cloudplatformprojects.readonly","https://www.googleapis.com/auth/firebase","https://www.googleapis.com/auth/cloud-platform"]
[debug] [2025-12-27T12:39:10.988Z] > authorizing via signed-in user (omar.k.hanafy@gmail.com)
[debug] [2025-12-27T12:39:10.991Z] > command requires scopes: ["email","openid","https://www.googleapis.com/auth/cloudplatformprojects.readonly","https://www.googleapis.com/auth/firebase","https://www.googleapis.com/auth/cloud-platform"]
[debug] [2025-12-27T12:39:10.991Z] > authorizing via signed-in user (omar.k.hanafy@gmail.com)
[debug] [2025-12-27T12:39:10.992Z] > command requires scopes: ["email","openid","https://www.googleapis.com/auth/cloudplatformprojects.readonly","https://www.googleapis.com/auth/firebase","https://www.googleapis.com/auth/cloud-platform"]
[debug] [2025-12-27T12:39:10.992Z] > authorizing via signed-in user (omar.k.hanafy@gmail.com)
[debug] [2025-12-27T12:40:34.601Z] > command requires scopes: ["email","openid","https://www.googleapis.com/auth/cloudplatformprojects.readonly","https://www.googleapis.com/auth/firebase","https://www.googleapis.com/auth/cloud-platform"]
[debug] [2025-12-27T12:40:34.602Z] > authorizing via signed-in user (omar.k.hanafy@gmail.com)
[debug] [2025-12-27T12:40:34.615Z] > command requires scopes: ["email","openid","https://www.googleapis.com/auth/cloudplatformprojects.readonly","https://www.googleapis.com/auth/firebase","https://www.googleapis.com/auth/cloud-platform"]
[debug] [2025-12-27T12:40:34.615Z] > authorizing via signed-in user (omar.k.hanafy@gmail.com)
[debug] [2025-12-27T12:40:34.622Z] Checked if tokens are valid: false, expires at: 1766840124591
[debug] [2025-12-27T12:40:34.622Z] Checked if tokens are valid: false, expires at: 1766840124591
[debug] [2025-12-27T12:40:34.622Z] > refreshing access token with scopes: []
[debug] [2025-12-27T12:40:34.623Z] >>> [apiv2][query] POST https://www.googleapis.com/oauth2/v3/token [none]
[debug] [2025-12-27T12:40:34.623Z] >>> [apiv2][body] POST https://www.googleapis.com/oauth2/v3/token [omitted]
[debug] [2025-12-27T12:40:34.636Z] Checked if tokens are valid: false, expires at: 1766840124591
[debug] [2025-12-27T12:40:34.636Z] Checked if tokens are valid: false, expires at: 1766840124591
[debug] [2025-12-27T12:40:34.636Z] > refreshing access token with scopes: []
[debug] [2025-12-27T12:40:34.636Z] >>> [apiv2][query] POST https://www.googleapis.com/oauth2/v3/token [none]
[debug] [2025-12-27T12:40:34.636Z] >>> [apiv2][body] POST https://www.googleapis.com/oauth2/v3/token [omitted]
[debug] [2025-12-27T12:40:34.902Z] <<< [apiv2][status] POST https://www.googleapis.com/oauth2/v3/token 200
[debug] [2025-12-27T12:40:34.902Z] <<< [apiv2][body] POST https://www.googleapis.com/oauth2/v3/token [omitted]
[debug] [2025-12-27T12:40:34.924Z] >>> [apiv2][query] GET https://serviceusage.googleapis.com/v1/projects//services/firebaseappdistribution.googleapis.com [none]
[debug] [2025-12-27T12:40:34.924Z] >>> [apiv2][(partial)header] GET https://serviceusage.googleapis.com/v1/projects//services/firebaseappdistribution.googleapis.com x-goog-quota-user=projects/
[debug] [2025-12-27T12:40:34.940Z] <<< [apiv2][status] POST https://www.googleapis.com/oauth2/v3/token 200
[debug] [2025-12-27T12:40:34.940Z] <<< [apiv2][body] POST https://www.googleapis.com/oauth2/v3/token [omitted]
[debug] [2025-12-27T12:40:34.955Z] >>> [apiv2][query] GET https://serviceusage.googleapis.com/v1/projects//services/firebaseappdistribution.googleapis.com [none]
[debug] [2025-12-27T12:40:34.955Z] >>> [apiv2][(partial)header] GET https://serviceusage.googleapis.com/v1/projects//services/firebaseappdistribution.googleapis.com x-goog-quota-user=projects/
[debug] [2025-12-27T12:40:35.719Z] <<< [apiv2][status] GET https://serviceusage.googleapis.com/v1/projects//services/firebaseappdistribution.googleapis.com 400
[debug] [2025-12-27T12:40:35.719Z] <<< [apiv2][body] GET https://serviceusage.googleapis.com/v1/projects//services/firebaseappdistribution.googleapis.com [omitted]
[debug] [2025-12-27T12:40:35.724Z] > command requires scopes: ["email","openid","https://www.googleapis.com/auth/cloudplatformprojects.readonly","https://www.googleapis.com/auth/firebase","https://www.googleapis.com/auth/cloud-platform"]
[debug] [2025-12-27T12:40:35.725Z] > authorizing via signed-in user (omar.k.hanafy@gmail.com)
[debug] [2025-12-27T12:40:35.725Z] > command requires scopes: ["email","openid","https://www.googleapis.com/auth/cloudplatformprojects.readonly","https://www.googleapis.com/auth/firebase","https://www.googleapis.com/auth/cloud-platform"]
[debug] [2025-12-27T12:40:35.725Z] > authorizing via signed-in user (omar.k.hanafy@gmail.com)
[debug] [2025-12-27T12:40:35.728Z] > command requires scopes: ["email","openid","https://www.googleapis.com/auth/cloudplatformprojects.readonly","https://www.googleapis.com/auth/firebase","https://www.googleapis.com/auth/cloud-platform"]
[debug] [2025-12-27T12:40:35.728Z] > authorizing via signed-in user (omar.k.hanafy@gmail.com)
[debug] [2025-12-27T12:40:35.729Z] > command requires scopes: ["email","openid","https://www.googleapis.com/auth/cloudplatformprojects.readonly","https://www.googleapis.com/auth/firebase","https://www.googleapis.com/auth/cloud-platform"]
[debug] [2025-12-27T12:40:35.729Z] > authorizing via signed-in user (omar.k.hanafy@gmail.com)
[debug] [2025-12-27T12:40:35.807Z] <<< [apiv2][status] GET https://serviceusage.googleapis.com/v1/projects//services/firebaseappdistribution.googleapis.com 400
[debug] [2025-12-27T12:40:35.808Z] <<< [apiv2][body] GET https://serviceusage.googleapis.com/v1/projects//services/firebaseappdistribution.googleapis.com [omitted]
